::1 - - [Sat, 30 Jul 2016 14:06:56 GMT] "GET / HTTP/1.1" 500 1119 "http://localhost:3000/u/zzz/2016-5-15/hello%20world" "Mozilla/5.0 (Macintosh; Intel Mac OS X 10_11_5) AppleWebKit/537.36 (KHTML, like Gecko) Chrome/51.0.2704.103 Safari/537.36"
::1 - - [Sat, 30 Jul 2016 14:06:57 GMT] "GET /favicon.ico HTTP/1.1" 200 207 "http://localhost:3000/" "Mozilla/5.0 (Macintosh; Intel Mac OS X 10_11_5) AppleWebKit/537.36 (KHTML, like Gecko) Chrome/51.0.2704.103 Safari/537.36"
::1 - - [Sat, 30 Jul 2016 14:18:45 GMT] "GET / HTTP/1.1" 500 1131 "http://localhost:3000/u/zzz/2016-5-15/hello%20world" "Mozilla/5.0 (Macintosh; Intel Mac OS X 10_11_5) AppleWebKit/537.36 (KHTML, like Gecko) Chrome/51.0.2704.103 Safari/537.36"
::1 - - [Sat, 30 Jul 2016 14:18:46 GMT] "GET /favicon.ico HTTP/1.1" 200 207 "http://localhost:3000/" "Mozilla/5.0 (Macintosh; Intel Mac OS X 10_11_5) AppleWebKit/537.36 (KHTML, like Gecko) Chrome/51.0.2704.103 Safari/537.36"
::1 - - [Sat, 30 Jul 2016 14:19:19 GMT] "GET / HTTP/1.1" 200 7996 "http://localhost:3000/u/zzz/2016-5-15/hello%20world" "Mozilla/5.0 (Macintosh; Intel Mac OS X 10_11_5) AppleWebKit/537.36 (KHTML, like Gecko) Chrome/51.0.2704.103 Safari/537.36"
::1 - - [Sat, 30 Jul 2016 14:19:19 GMT] "GET /stylesheets/style.css HTTP/1.1" 304 - "http://localhost:3000/" "Mozilla/5.0 (Macintosh; Intel Mac OS X 10_11_5) AppleWebKit/537.36 (KHTML, like Gecko) Chrome/51.0.2704.103 Safari/537.36"
::1 - - [Sat, 30 Jul 2016 14:19:20 GMT] "GET /favicon.ico HTTP/1.1" 200 207 "http://localhost:3000/" "Mozilla/5.0 (Macintosh; Intel Mac OS X 10_11_5) AppleWebKit/537.36 (KHTML, like Gecko) Chrome/51.0.2704.103 Safari/537.36"
::1 - - [Sun, 31 Jul 2016 03:47:10 GMT] "GET /?p=2 HTTP/1.1" 200 8079 "http://localhost:3000/" "Mozilla/5.0 (Macintosh; Intel Mac OS X 10_11_5) AppleWebKit/537.36 (KHTML, like Gecko) Chrome/51.0.2704.103 Safari/537.36"
::1 - - [Sun, 31 Jul 2016 03:47:11 GMT] "GET /stylesheets/style.css HTTP/1.1" 304 - "http://localhost:3000/?p=2" "Mozilla/5.0 (Macintosh; Intel Mac OS X 10_11_5) AppleWebKit/537.36 (KHTML, like Gecko) Chrome/51.0.2704.103 Safari/537.36"
::1 - - [Sun, 31 Jul 2016 03:47:11 GMT] "GET /favicon.ico HTTP/1.1" 304 - "http://localhost:3000/?p=2" "Mozilla/5.0 (Macintosh; Intel Mac OS X 10_11_5) AppleWebKit/537.36 (KHTML, like Gecko) Chrome/51.0.2704.103 Safari/537.36"
::1 - - [Sun, 31 Jul 2016 03:47:13 GMT] "GET / HTTP/1.1" 304 - "http://localhost:3000/?p=2" "Mozilla/5.0 (Macintosh; Intel Mac OS X 10_11_5) AppleWebKit/537.36 (KHTML, like Gecko) Chrome/51.0.2704.103 Safari/537.36"
::1 - - [Sun, 31 Jul 2016 03:47:13 GMT] "GET /stylesheets/style.css HTTP/1.1" 304 - "http://localhost:3000/" "Mozilla/5.0 (Macintosh; Intel Mac OS X 10_11_5) AppleWebKit/537.36 (KHTML, like Gecko) Chrome/51.0.2704.103 Safari/537.36"
::1 - - [Sun, 31 Jul 2016 03:47:14 GMT] "GET /favicon.ico HTTP/1.1" 304 - "http://localhost:3000/" "Mozilla/5.0 (Macintosh; Intel Mac OS X 10_11_5) AppleWebKit/537.36 (KHTML, like Gecko) Chrome/51.0.2704.103 Safari/537.36"
::1 - - [Sun, 31 Jul 2016 04:03:55 GMT] "GET / HTTP/1.1" 304 - "http://localhost:3000/?p=2" "Mozilla/5.0 (Macintosh; Intel Mac OS X 10_11_5) AppleWebKit/537.36 (KHTML, like Gecko) Chrome/51.0.2704.103 Safari/537.36"
::1 - - [Sun, 31 Jul 2016 04:03:55 GMT] "GET /stylesheets/style.css HTTP/1.1" 304 - "http://localhost:3000/" "Mozilla/5.0 (Macintosh; Intel Mac OS X 10_11_5) AppleWebKit/537.36 (KHTML, like Gecko) Chrome/51.0.2704.103 Safari/537.36"
::1 - - [Sun, 31 Jul 2016 04:03:55 GMT] "GET /favicon.ico HTTP/1.1" 200 207 "http://localhost:3000/" "Mozilla/5.0 (Macintosh; Intel Mac OS X 10_11_5) AppleWebKit/537.36 (KHTML, like Gecko) Chrome/51.0.2704.103 Safari/537.36"
::1 - - [Sun, 31 Jul 2016 04:03:57 GMT] "GET / HTTP/1.1" 304 - "http://localhost:3000/" "Mozilla/5.0 (Macintosh; Intel Mac OS X 10_11_5) AppleWebKit/537.36 (KHTML, like Gecko) Chrome/51.0.2704.103 Safari/537.36"
::1 - - [Sun, 31 Jul 2016 04:03:57 GMT] "GET /stylesheets/style.css HTTP/1.1" 304 - "http://localhost:3000/" "Mozilla/5.0 (Macintosh; Intel Mac OS X 10_11_5) AppleWebKit/537.36 (KHTML, like Gecko) Chrome/51.0.2704.103 Safari/537.36"
::1 - - [Sun, 31 Jul 2016 04:03:58 GMT] "GET /favicon.ico HTTP/1.1" 304 - "http://localhost:3000/" "Mozilla/5.0 (Macintosh; Intel Mac OS X 10_11_5) AppleWebKit/537.36 (KHTML, like Gecko) Chrome/51.0.2704.103 Safari/537.36"
::1 - - [Sun, 31 Jul 2016 04:04:19 GMT] "GET / HTTP/1.1" 304 - "http://localhost:3000/" "Mozilla/5.0 (Macintosh; Intel Mac OS X 10_11_5) AppleWebKit/537.36 (KHTML, like Gecko) Chrome/51.0.2704.103 Safari/537.36"
::1 - - [Sun, 31 Jul 2016 04:04:20 GMT] "GET /stylesheets/style.css HTTP/1.1" 304 - "http://localhost:3000/" "Mozilla/5.0 (Macintosh; Intel Mac OS X 10_11_5) AppleWebKit/537.36 (KHTML, like Gecko) Chrome/51.0.2704.103 Safari/537.36"
::1 - - [Sun, 31 Jul 2016 04:04:20 GMT] "GET /favicon.ico HTTP/1.1" 200 207 "http://localhost:3000/" "Mozilla/5.0 (Macintosh; Intel Mac OS X 10_11_5) AppleWebKit/537.36 (KHTML, like Gecko) Chrome/51.0.2704.103 Safari/537.36"
::1 - - [Sun, 31 Jul 2016 04:04:30 GMT] "GET / HTTP/1.1" 304 - "http://localhost:3000/" "Mozilla/5.0 (Macintosh; Intel Mac OS X 10_11_5) AppleWebKit/537.36 (KHTML, like Gecko) Chrome/51.0.2704.103 Safari/537.36"
::1 - - [Sun, 31 Jul 2016 04:04:30 GMT] "GET /stylesheets/style.css HTTP/1.1" 304 - "http://localhost:3000/" "Mozilla/5.0 (Macintosh; Intel Mac OS X 10_11_5) AppleWebKit/537.36 (KHTML, like Gecko) Chrome/51.0.2704.103 Safari/537.36"
::1 - - [Sun, 31 Jul 2016 04:04:31 GMT] "GET /favicon.ico HTTP/1.1" 200 207 "http://localhost:3000/" "Mozilla/5.0 (Macintosh; Intel Mac OS X 10_11_5) AppleWebKit/537.36 (KHTML, like Gecko) Chrome/51.0.2704.103 Safari/537.36"
::1 - - [Sun, 31 Jul 2016 04:04:32 GMT] "GET / HTTP/1.1" 304 - "http://localhost:3000/" "Mozilla/5.0 (Macintosh; Intel Mac OS X 10_11_5) AppleWebKit/537.36 (KHTML, like Gecko) Chrome/51.0.2704.103 Safari/537.36"
::1 - - [Sun, 31 Jul 2016 04:04:32 GMT] "GET /stylesheets/style.css HTTP/1.1" 304 - "http://localhost:3000/" "Mozilla/5.0 (Macintosh; Intel Mac OS X 10_11_5) AppleWebKit/537.36 (KHTML, like Gecko) Chrome/51.0.2704.103 Safari/537.36"
::1 - - [Sun, 31 Jul 2016 04:04:33 GMT] "GET /favicon.ico HTTP/1.1" 304 - "http://localhost:3000/" "Mozilla/5.0 (Macintosh; Intel Mac OS X 10_11_5) AppleWebKit/537.36 (KHTML, like Gecko) Chrome/51.0.2704.103 Safari/537.36"
::1 - - [Sun, 31 Jul 2016 04:04:33 GMT] "GET /archive HTTP/1.1" 304 - "http://localhost:3000/" "Mozilla/5.0 (Macintosh; Intel Mac OS X 10_11_5) AppleWebKit/537.36 (KHTML, like Gecko) Chrome/51.0.2704.103 Safari/537.36"
::1 - - [Sun, 31 Jul 2016 04:04:33 GMT] "GET /stylesheets/style.css HTTP/1.1" 304 - "http://localhost:3000/archive" "Mozilla/5.0 (Macintosh; Intel Mac OS X 10_11_5) AppleWebKit/537.36 (KHTML, like Gecko) Chrome/51.0.2704.103 Safari/537.36"
::1 - - [Sun, 31 Jul 2016 04:04:33 GMT] "GET /favicon.ico HTTP/1.1" 304 - "http://localhost:3000/archive" "Mozilla/5.0 (Macintosh; Intel Mac OS X 10_11_5) AppleWebKit/537.36 (KHTML, like Gecko) Chrome/51.0.2704.103 Safari/537.36"
::1 - - [Sun, 31 Jul 2016 04:08:06 GMT] "GET /archive HTTP/1.1" 200 742 "http://localhost:3000/" "Mozilla/5.0 (Macintosh; Intel Mac OS X 10_11_5) AppleWebKit/537.36 (KHTML, like Gecko) Chrome/51.0.2704.103 Safari/537.36"
::1 - - [Sun, 31 Jul 2016 04:08:06 GMT] "GET /stylesheets/style.css HTTP/1.1" 304 - "http://localhost:3000/archive" "Mozilla/5.0 (Macintosh; Intel Mac OS X 10_11_5) AppleWebKit/537.36 (KHTML, like Gecko) Chrome/51.0.2704.103 Safari/537.36"
::1 - - [Sun, 31 Jul 2016 04:08:07 GMT] "GET /favicon.ico HTTP/1.1" 200 207 "http://localhost:3000/archive" "Mozilla/5.0 (Macintosh; Intel Mac OS X 10_11_5) AppleWebKit/537.36 (KHTML, like Gecko) Chrome/51.0.2704.103 Safari/537.36"
::1 - - [Sun, 31 Jul 2016 04:08:08 GMT] "GET / HTTP/1.1" 200 742 "http://localhost:3000/archive" "Mozilla/5.0 (Macintosh; Intel Mac OS X 10_11_5) AppleWebKit/537.36 (KHTML, like Gecko) Chrome/51.0.2704.103 Safari/537.36"
::1 - - [Sun, 31 Jul 2016 04:08:08 GMT] "GET /stylesheets/style.css HTTP/1.1" 304 - "http://localhost:3000/" "Mozilla/5.0 (Macintosh; Intel Mac OS X 10_11_5) AppleWebKit/537.36 (KHTML, like Gecko) Chrome/51.0.2704.103 Safari/537.36"
::1 - - [Sun, 31 Jul 2016 04:08:09 GMT] "GET /favicon.ico HTTP/1.1" 304 - "http://localhost:3000/" "Mozilla/5.0 (Macintosh; Intel Mac OS X 10_11_5) AppleWebKit/537.36 (KHTML, like Gecko) Chrome/51.0.2704.103 Safari/537.36"
::1 - - [Sun, 31 Jul 2016 04:08:13 GMT] "GET /reg HTTP/1.1" 200 1035 "http://localhost:3000/" "Mozilla/5.0 (Macintosh; Intel Mac OS X 10_11_5) AppleWebKit/537.36 (KHTML, like Gecko) Chrome/51.0.2704.103 Safari/537.36"
::1 - - [Sun, 31 Jul 2016 04:08:13 GMT] "GET /stylesheets/style.css HTTP/1.1" 304 - "http://localhost:3000/reg" "Mozilla/5.0 (Macintosh; Intel Mac OS X 10_11_5) AppleWebKit/537.36 (KHTML, like Gecko) Chrome/51.0.2704.103 Safari/537.36"
::1 - - [Sun, 31 Jul 2016 04:08:13 GMT] "GET /favicon.ico HTTP/1.1" 304 - "http://localhost:3000/reg" "Mozilla/5.0 (Macintosh; Intel Mac OS X 10_11_5) AppleWebKit/537.36 (KHTML, like Gecko) Chrome/51.0.2704.103 Safari/537.36"
::1 - - [Sun, 31 Jul 2016 04:08:15 GMT] "GET / HTTP/1.1" 304 - "http://localhost:3000/reg" "Mozilla/5.0 (Macintosh; Intel Mac OS X 10_11_5) AppleWebKit/537.36 (KHTML, like Gecko) Chrome/51.0.2704.103 Safari/537.36"
::1 - - [Sun, 31 Jul 2016 04:08:15 GMT] "GET /stylesheets/style.css HTTP/1.1" 304 - "http://localhost:3000/" "Mozilla/5.0 (Macintosh; Intel Mac OS X 10_11_5) AppleWebKit/537.36 (KHTML, like Gecko) Chrome/51.0.2704.103 Safari/537.36"
::1 - - [Sun, 31 Jul 2016 04:08:15 GMT] "GET /favicon.ico HTTP/1.1" 304 - "http://localhost:3000/" "Mozilla/5.0 (Macintosh; Intel Mac OS X 10_11_5) AppleWebKit/537.36 (KHTML, like Gecko) Chrome/51.0.2704.103 Safari/537.36"
::1 - - [Sun, 31 Jul 2016 04:44:04 GMT] "GET / HTTP/1.1" 304 - "http://localhost:3000/reg" "Mozilla/5.0 (Macintosh; Intel Mac OS X 10_11_5) AppleWebKit/537.36 (KHTML, like Gecko) Chrome/51.0.2704.103 Safari/537.36"
::1 - - [Sun, 31 Jul 2016 04:44:05 GMT] "GET /stylesheets/style.css HTTP/1.1" 304 - "http://localhost:3000/" "Mozilla/5.0 (Macintosh; Intel Mac OS X 10_11_5) AppleWebKit/537.36 (KHTML, like Gecko) Chrome/51.0.2704.103 Safari/537.36"
::1 - - [Sun, 31 Jul 2016 04:44:05 GMT] "GET /favicon.ico HTTP/1.1" 200 207 "http://localhost:3000/" "Mozilla/5.0 (Macintosh; Intel Mac OS X 10_11_5) AppleWebKit/537.36 (KHTML, like Gecko) Chrome/51.0.2704.103 Safari/537.36"
